<?xml version="1.0" encoding="UTF-8"?>
<!-- Generated by org.testng.reporters.JUnitXMLReporter -->
<testsuite ignored="0" hostname="DESKTOP-3NASMQQ" failures="0" tests="2" name="Submit Order Test" time="34.513" errors="0" timestamp="2024-02-05T00:32:44 IST">
  <testcase classname="rahulshettyacademy.tests.SubmitOrderTest" name="submitOrder" time="21.575"/>
  <testcase classname="rahulshettyacademy.tests.SubmitOrderTest" name="OrderHistoryTest" time="1.126"/>
</testsuite> <!-- Submit Order Test -->
